<?xml version="1.0" encoding="UTF-8"?>
<!-- Generated by org.testng.reporters.JUnitXMLReporter -->
<testsuite ignored="0" hostname="AAYUSH" failures="0" tests="12" name="Login Page Test" time="11.592" errors="0" timestamp="2025-08-23T18:48:37 IST">
  <testcase classname="com.qa.opencart.test.LoginPageTest" name="footerTest" time="0.336"/>
  <testcase classname="com.qa.opencart.test.LoginPageTest" name="footerTest" time="0.215"/>
  <testcase classname="com.qa.opencart.test.LoginPageTest" name="footerTest" time="0.198"/>
  <testcase classname="com.qa.opencart.test.LoginPageTest" name="footerTest" time="0.214"/>
  <testcase classname="com.qa.opencart.test.LoginPageTest" name="footerTest" time="0.201"/>
  <testcase classname="com.qa.opencart.test.LoginPageTest" name="footerTest" time="0.231"/>
  <testcase classname="com.qa.opencart.test.LoginPageTest" name="footerTest" time="0.202"/>
  <testcase classname="com.qa.opencart.test.LoginPageTest" name="forgetLPwdLinkTest" time="0.047"/>
  <testcase classname="com.qa.opencart.test.LoginPageTest" name="loginPageTitleTest" time="0.035"/>
  <testcase classname="com.qa.opencart.test.LoginPageTest" name="loginPageUrlTest" time="0.025"/>
  <testcase classname="com.qa.opencart.test.LoginPageTest" name="logoTest" time="0.035"/>
  <testcase classname="com.qa.opencart.test.LoginPageTest" name="loginTest" time="1.914"/>
</testsuite> <!-- Login Page Test -->
