<?xml version="1.0" encoding="UTF-8"?>
<!-- Generated by org.testng.reporters.JUnitXMLReporter -->
<testsuite ignored="0" hostname="AAYUSH" failures="0" tests="12" name="Login Page Test" time="10.417" errors="0" timestamp="2025-08-23T23:11:08 IST">
  <testcase classname="com.qa.opencart.test.LoginPageTest" name="footerTest" time="0.185"/>
  <testcase classname="com.qa.opencart.test.LoginPageTest" name="footerTest" time="0.184"/>
  <testcase classname="com.qa.opencart.test.LoginPageTest" name="footerTest" time="0.178"/>
  <testcase classname="com.qa.opencart.test.LoginPageTest" name="footerTest" time="0.194"/>
  <testcase classname="com.qa.opencart.test.LoginPageTest" name="footerTest" time="0.18"/>
  <testcase classname="com.qa.opencart.test.LoginPageTest" name="footerTest" time="0.19"/>
  <testcase classname="com.qa.opencart.test.LoginPageTest" name="footerTest" time="0.153"/>
  <testcase classname="com.qa.opencart.test.LoginPageTest" name="forgetLPwdLinkTest" time="0.045"/>
  <testcase classname="com.qa.opencart.test.LoginPageTest" name="loginPageTitleTest" time="0.019"/>
  <testcase classname="com.qa.opencart.test.LoginPageTest" name="loginPageUrlTest" time="0.011"/>
  <testcase classname="com.qa.opencart.test.LoginPageTest" name="logoTest" time="0.026"/>
  <testcase classname="com.qa.opencart.test.LoginPageTest" name="loginTest" time="1.58"/>
</testsuite> <!-- Login Page Test -->
