<?xml version="1.0" encoding="UTF-8"?>
<!-- Generated by org.testng.reporters.JUnitXMLReporter -->
<testsuite ignored="0" hostname="AAYUSH" failures="0" tests="12" name="Login Page Test in chrome" time="11.728" errors="0" timestamp="2025-08-23T22:49:11 IST">
  <testcase classname="com.qa.opencart.test.LoginPageTest" name="footerTest" time="0.139"/>
  <testcase classname="com.qa.opencart.test.LoginPageTest" name="footerTest" time="0.123"/>
  <testcase classname="com.qa.opencart.test.LoginPageTest" name="footerTest" time="0.123"/>
  <testcase classname="com.qa.opencart.test.LoginPageTest" name="footerTest" time="0.116"/>
  <testcase classname="com.qa.opencart.test.LoginPageTest" name="footerTest" time="0.113"/>
  <testcase classname="com.qa.opencart.test.LoginPageTest" name="footerTest" time="0.125"/>
  <testcase classname="com.qa.opencart.test.LoginPageTest" name="footerTest" time="0.121"/>
  <testcase classname="com.qa.opencart.test.LoginPageTest" name="forgetLPwdLinkTest" time="0.028"/>
  <testcase classname="com.qa.opencart.test.LoginPageTest" name="loginPageTitleTest" time="0.013"/>
  <testcase classname="com.qa.opencart.test.LoginPageTest" name="loginPageUrlTest" time="0.013"/>
  <testcase classname="com.qa.opencart.test.LoginPageTest" name="logoTest" time="0.019"/>
  <testcase classname="com.qa.opencart.test.LoginPageTest" name="loginTest" time="1.653"/>
</testsuite> <!-- Login Page Test in chrome -->
