<?xml version="1.0" encoding="UTF-8"?>
<!-- Generated by org.testng.reporters.JUnitXMLReporter -->
<testsuite ignored="0" hostname="AAYUSH" failures="0" tests="10" name="Product Info Page Test in edge" time="2.036" errors="0" timestamp="2025-08-23T22:49:01 IST">
  <testcase classname="com.qa.opencart.test.ProductInfoPageTest" name="productHeaderImageTest" time="0.0">
    <skipped/>
  </testcase> <!-- productHeaderImageTest -->
  <testcase classname="com.qa.opencart.test.ProductInfoPageTest" name="productHeaderImageTest" time="0.001">
    <skipped/>
  </testcase> <!-- productHeaderImageTest -->
  <testcase classname="com.qa.opencart.test.ProductInfoPageTest" name="productHeaderImageTest" time="0.0">
    <skipped/>
  </testcase> <!-- productHeaderImageTest -->
  <testcase classname="com.qa.opencart.test.ProductInfoPageTest" name="productHeaderImageTest" time="0.001">
    <skipped/>
  </testcase> <!-- productHeaderImageTest -->
  <testcase classname="com.qa.opencart.test.ProductInfoPageTest" name="productHeaderImageTest" time="0.0">
    <skipped/>
  </testcase> <!-- productHeaderImageTest -->
  <testcase classname="com.qa.opencart.test.ProductInfoPageTest" name="productHeaderTest" time="0.0">
    <skipped/>
  </testcase> <!-- productHeaderTest -->
  <testcase classname="com.qa.opencart.test.ProductInfoPageTest" name="productHeaderTest" time="0.0">
    <skipped/>
  </testcase> <!-- productHeaderTest -->
  <testcase classname="com.qa.opencart.test.ProductInfoPageTest" name="productHeaderTest" time="0.0">
    <skipped/>
  </testcase> <!-- productHeaderTest -->
  <testcase classname="com.qa.opencart.test.ProductInfoPageTest" name="productHeaderTest" time="0.0">
    <skipped/>
  </testcase> <!-- productHeaderTest -->
  <testcase classname="com.qa.opencart.test.ProductInfoPageTest" name="productInfoTest" time="0.0">
    <skipped/>
  </testcase> <!-- productInfoTest -->
</testsuite> <!-- Product Info Page Test in edge -->
