<?xml version="1.0" encoding="UTF-8"?>
<!-- Generated by org.testng.reporters.JUnitXMLReporter -->
<testsuite ignored="0" hostname="AAYUSH" failures="0" tests="10" name="Product Info Page Test" time="33.631" errors="0" timestamp="2025-08-23T18:48:59 IST">
  <testcase classname="com.qa.opencart.test.ProductInfoPageTest" name="productHeaderImageTest" time="3.098"/>
  <testcase classname="com.qa.opencart.test.ProductInfoPageTest" name="productHeaderImageTest" time="3.847"/>
  <testcase classname="com.qa.opencart.test.ProductInfoPageTest" name="productHeaderImageTest" time="2.485"/>
  <testcase classname="com.qa.opencart.test.ProductInfoPageTest" name="productHeaderImageTest" time="1.995"/>
  <testcase classname="com.qa.opencart.test.ProductInfoPageTest" name="productHeaderImageTest" time="2.236"/>
  <testcase classname="com.qa.opencart.test.ProductInfoPageTest" name="productHeaderTest" time="1.922"/>
  <testcase classname="com.qa.opencart.test.ProductInfoPageTest" name="productHeaderTest" time="1.61"/>
  <testcase classname="com.qa.opencart.test.ProductInfoPageTest" name="productHeaderTest" time="1.932"/>
  <testcase classname="com.qa.opencart.test.ProductInfoPageTest" name="productHeaderTest" time="1.75"/>
  <testcase classname="com.qa.opencart.test.ProductInfoPageTest" name="productInfoTest" time="1.815"/>
</testsuite> <!-- Product Info Page Test -->
