<?xml version="1.0" encoding="UTF-8"?>
<!-- Generated by org.testng.reporters.JUnitXMLReporter -->
<testsuite ignored="2" hostname="AAYUSH" failures="0" tests="5" name="Default test" time="15.721" errors="0" timestamp="2025-08-22T19:31:46 IST">
  <testcase classname="com.qa.opencart.test.ProductInfoPageTest" name="productHeaderImageTest" time="3.542"/>
  <testcase classname="com.qa.opencart.test.ProductInfoPageTest" name="productHeaderImageTest" time="1.613"/>
  <testcase classname="com.qa.opencart.test.ProductInfoPageTest" name="productHeaderImageTest" time="1.968"/>
  <testcase classname="com.qa.opencart.test.ProductInfoPageTest" name="productHeaderImageTest" time="1.582"/>
  <testcase classname="com.qa.opencart.test.ProductInfoPageTest" name="productHeaderImageTest" time="1.745"/>
  <testcase classname="com.qa.opencart.test.ProductInfoPageTest" name="productHeaderTest" time="0.0">
    <ignored/>
  </testcase> <!-- productHeaderTest -->
  <testcase classname="com.qa.opencart.test.ProductInfoPageTest" name="productInfoTest" time="0.0">
    <ignored/>
  </testcase> <!-- productInfoTest -->
</testsuite> <!-- Default test -->
