<?xml version="1.0" encoding="UTF-8"?>
<testng-results ignored="0" total="32" passed="31" failed="1" skipped="0">
  <reporter-output>
  </reporter-output>
  <suite started-at="2025-08-23T18:48:26 IST" name="Opencart App Test Regression Suite" finished-at="2025-08-23T18:48:59 IST" duration-ms="33631">
    <groups>
    </groups>
    <test started-at="2025-08-23T18:48:26 IST" name="Login Page Test" finished-at="2025-08-23T18:48:37 IST" duration-ms="11592">
      <class name="com.qa.opencart.test.LoginPageTest">
        <test-method is-config="true" signature="setup()[pri:0, instance:com.qa.opencart.test.LoginPageTest@55f4887d]" started-at="2025-08-23T18:48:26 IST" name="setup" finished-at="2025-08-23T18:48:33 IST" duration-ms="7147" status="PASS">
          <reporter-output>
          </reporter-output>
        </test-method> <!-- setup -->
        <test-method signature="footerTest(java.lang.String)[pri:0, instance:com.qa.opencart.test.LoginPageTest@55f4887d]" started-at="2025-08-23T18:48:33 IST" name="footerTest" data-provider="getFooterData" finished-at="2025-08-23T18:48:33 IST" duration-ms="336" status="PASS">
          <params>
            <param index="0">
              <value>
                <![CDATA[About Us]]>
              </value>
            </param>
          </params>
          <reporter-output>
          </reporter-output>
        </test-method> <!-- footerTest -->
        <test-method is-config="true" signature="attachScreenshot(org.testng.ITestResult)[pri:0, instance:com.qa.opencart.test.LoginPageTest@55f4887d]" started-at="2025-08-23T18:48:34 IST" name="attachScreenshot" finished-at="2025-08-23T18:48:34 IST" duration-ms="4" status="PASS">
          <params>
            <param index="0">
              <value>
                <![CDATA[[TestResult name=footerTest status=SUCCESS method=LoginPageTest.footerTest(java.lang.String)[pri:0, instance:com.qa.opencart.test.LoginPageTest@55f4887d] output={null}]]]>
              </value>
            </param>
          </params>
          <reporter-output>
          </reporter-output>
        </test-method> <!-- attachScreenshot -->
        <test-method signature="footerTest(java.lang.String)[pri:0, instance:com.qa.opencart.test.LoginPageTest@55f4887d]" started-at="2025-08-23T18:48:34 IST" name="footerTest" data-provider="getFooterData" finished-at="2025-08-23T18:48:34 IST" duration-ms="215" status="PASS">
          <params>
            <param index="0">
              <value>
                <![CDATA[Brands]]>
              </value>
            </param>
          </params>
          <reporter-output>
          </reporter-output>
        </test-method> <!-- footerTest -->
        <test-method is-config="true" signature="attachScreenshot(org.testng.ITestResult)[pri:0, instance:com.qa.opencart.test.LoginPageTest@55f4887d]" started-at="2025-08-23T18:48:34 IST" name="attachScreenshot" finished-at="2025-08-23T18:48:34 IST" duration-ms="2" status="PASS">
          <params>
            <param index="0">
              <value>
                <![CDATA[[TestResult name=footerTest status=SUCCESS method=LoginPageTest.footerTest(java.lang.String)[pri:0, instance:com.qa.opencart.test.LoginPageTest@55f4887d] output={null}]]]>
              </value>
            </param>
          </params>
          <reporter-output>
          </reporter-output>
        </test-method> <!-- attachScreenshot -->
        <test-method signature="footerTest(java.lang.String)[pri:0, instance:com.qa.opencart.test.LoginPageTest@55f4887d]" started-at="2025-08-23T18:48:34 IST" name="footerTest" data-provider="getFooterData" finished-at="2025-08-23T18:48:34 IST" duration-ms="198" status="PASS">
          <params>
            <param index="0">
              <value>
                <![CDATA[Gift Certificates]]>
              </value>
            </param>
          </params>
          <reporter-output>
          </reporter-output>
        </test-method> <!-- footerTest -->
        <test-method is-config="true" signature="attachScreenshot(org.testng.ITestResult)[pri:0, instance:com.qa.opencart.test.LoginPageTest@55f4887d]" started-at="2025-08-23T18:48:34 IST" name="attachScreenshot" finished-at="2025-08-23T18:48:34 IST" duration-ms="1" status="PASS">
          <params>
            <param index="0">
              <value>
                <![CDATA[[TestResult name=footerTest status=SUCCESS method=LoginPageTest.footerTest(java.lang.String)[pri:0, instance:com.qa.opencart.test.LoginPageTest@55f4887d] output={null}]]]>
              </value>
            </param>
          </params>
          <reporter-output>
          </reporter-output>
        </test-method> <!-- attachScreenshot -->
        <test-method signature="footerTest(java.lang.String)[pri:0, instance:com.qa.opencart.test.LoginPageTest@55f4887d]" started-at="2025-08-23T18:48:34 IST" name="footerTest" data-provider="getFooterData" finished-at="2025-08-23T18:48:34 IST" duration-ms="214" status="PASS">
          <params>
            <param index="0">
              <value>
                <![CDATA[Contact Us]]>
              </value>
            </param>
          </params>
          <reporter-output>
          </reporter-output>
        </test-method> <!-- footerTest -->
        <test-method is-config="true" signature="attachScreenshot(org.testng.ITestResult)[pri:0, instance:com.qa.opencart.test.LoginPageTest@55f4887d]" started-at="2025-08-23T18:48:34 IST" name="attachScreenshot" finished-at="2025-08-23T18:48:34 IST" duration-ms="1" status="PASS">
          <params>
            <param index="0">
              <value>
                <![CDATA[[TestResult name=footerTest status=SUCCESS method=LoginPageTest.footerTest(java.lang.String)[pri:0, instance:com.qa.opencart.test.LoginPageTest@55f4887d] output={null}]]]>
              </value>
            </param>
          </params>
          <reporter-output>
          </reporter-output>
        </test-method> <!-- attachScreenshot -->
        <test-method signature="footerTest(java.lang.String)[pri:0, instance:com.qa.opencart.test.LoginPageTest@55f4887d]" started-at="2025-08-23T18:48:34 IST" name="footerTest" data-provider="getFooterData" finished-at="2025-08-23T18:48:35 IST" duration-ms="201" status="PASS">
          <params>
            <param index="0">
              <value>
                <![CDATA[Site Map]]>
              </value>
            </param>
          </params>
          <reporter-output>
          </reporter-output>
        </test-method> <!-- footerTest -->
        <test-method is-config="true" signature="attachScreenshot(org.testng.ITestResult)[pri:0, instance:com.qa.opencart.test.LoginPageTest@55f4887d]" started-at="2025-08-23T18:48:35 IST" name="attachScreenshot" finished-at="2025-08-23T18:48:35 IST" duration-ms="1" status="PASS">
          <params>
            <param index="0">
              <value>
                <![CDATA[[TestResult name=footerTest status=SUCCESS method=LoginPageTest.footerTest(java.lang.String)[pri:0, instance:com.qa.opencart.test.LoginPageTest@55f4887d] output={null}]]]>
              </value>
            </param>
          </params>
          <reporter-output>
          </reporter-output>
        </test-method> <!-- attachScreenshot -->
        <test-method signature="footerTest(java.lang.String)[pri:0, instance:com.qa.opencart.test.LoginPageTest@55f4887d]" started-at="2025-08-23T18:48:35 IST" name="footerTest" data-provider="getFooterData" finished-at="2025-08-23T18:48:35 IST" duration-ms="231" status="PASS">
          <params>
            <param index="0">
              <value>
                <![CDATA[Specials]]>
              </value>
            </param>
          </params>
          <reporter-output>
          </reporter-output>
        </test-method> <!-- footerTest -->
        <test-method is-config="true" signature="attachScreenshot(org.testng.ITestResult)[pri:0, instance:com.qa.opencart.test.LoginPageTest@55f4887d]" started-at="2025-08-23T18:48:35 IST" name="attachScreenshot" finished-at="2025-08-23T18:48:35 IST" duration-ms="1" status="PASS">
          <params>
            <param index="0">
              <value>
                <![CDATA[[TestResult name=footerTest status=SUCCESS method=LoginPageTest.footerTest(java.lang.String)[pri:0, instance:com.qa.opencart.test.LoginPageTest@55f4887d] output={null}]]]>
              </value>
            </param>
          </params>
          <reporter-output>
          </reporter-output>
        </test-method> <!-- attachScreenshot -->
        <test-method signature="footerTest(java.lang.String)[pri:0, instance:com.qa.opencart.test.LoginPageTest@55f4887d]" started-at="2025-08-23T18:48:35 IST" name="footerTest" data-provider="getFooterData" finished-at="2025-08-23T18:48:35 IST" duration-ms="202" status="PASS">
          <params>
            <param index="0">
              <value>
                <![CDATA[Affiliate]]>
              </value>
            </param>
          </params>
          <reporter-output>
          </reporter-output>
        </test-method> <!-- footerTest -->
        <test-method is-config="true" signature="attachScreenshot(org.testng.ITestResult)[pri:0, instance:com.qa.opencart.test.LoginPageTest@55f4887d]" started-at="2025-08-23T18:48:35 IST" name="attachScreenshot" finished-at="2025-08-23T18:48:35 IST" duration-ms="1" status="PASS">
          <params>
            <param index="0">
              <value>
                <![CDATA[[TestResult name=footerTest status=SUCCESS method=LoginPageTest.footerTest(java.lang.String)[pri:0, instance:com.qa.opencart.test.LoginPageTest@55f4887d] output={null}]]]>
              </value>
            </param>
          </params>
          <reporter-output>
          </reporter-output>
        </test-method> <!-- attachScreenshot -->
        <test-method signature="forgetLPwdLinkTest()[pri:0, instance:com.qa.opencart.test.LoginPageTest@55f4887d]" started-at="2025-08-23T18:48:35 IST" name="forgetLPwdLinkTest" finished-at="2025-08-23T18:48:35 IST" duration-ms="47" status="PASS">
          <reporter-output>
          </reporter-output>
        </test-method> <!-- forgetLPwdLinkTest -->
        <test-method is-config="true" signature="attachScreenshot(org.testng.ITestResult)[pri:0, instance:com.qa.opencart.test.LoginPageTest@55f4887d]" started-at="2025-08-23T18:48:35 IST" name="attachScreenshot" finished-at="2025-08-23T18:48:35 IST" duration-ms="1" status="PASS">
          <params>
            <param index="0">
              <value>
                <![CDATA[[TestResult name=forgetLPwdLinkTest status=SUCCESS method=LoginPageTest.forgetLPwdLinkTest()[pri:0, instance:com.qa.opencart.test.LoginPageTest@55f4887d] output={null}]]]>
              </value>
            </param>
          </params>
          <reporter-output>
          </reporter-output>
        </test-method> <!-- attachScreenshot -->
        <test-method signature="loginPageTitleTest()[pri:0, instance:com.qa.opencart.test.LoginPageTest@55f4887d]" started-at="2025-08-23T18:48:35 IST" name="loginPageTitleTest" finished-at="2025-08-23T18:48:35 IST" duration-ms="35" status="PASS">
          <reporter-output>
          </reporter-output>
        </test-method> <!-- loginPageTitleTest -->
        <test-method is-config="true" signature="attachScreenshot(org.testng.ITestResult)[pri:0, instance:com.qa.opencart.test.LoginPageTest@55f4887d]" started-at="2025-08-23T18:48:35 IST" name="attachScreenshot" finished-at="2025-08-23T18:48:35 IST" duration-ms="1" status="PASS">
          <params>
            <param index="0">
              <value>
                <![CDATA[[TestResult name=loginPageTitleTest status=SUCCESS method=LoginPageTest.loginPageTitleTest()[pri:0, instance:com.qa.opencart.test.LoginPageTest@55f4887d] output={null}]]]>
              </value>
            </param>
          </params>
          <reporter-output>
          </reporter-output>
        </test-method> <!-- attachScreenshot -->
        <test-method signature="loginPageUrlTest()[pri:0, instance:com.qa.opencart.test.LoginPageTest@55f4887d]" started-at="2025-08-23T18:48:35 IST" name="loginPageUrlTest" finished-at="2025-08-23T18:48:35 IST" duration-ms="25" status="PASS">
          <reporter-output>
          </reporter-output>
        </test-method> <!-- loginPageUrlTest -->
        <test-method is-config="true" signature="attachScreenshot(org.testng.ITestResult)[pri:0, instance:com.qa.opencart.test.LoginPageTest@55f4887d]" started-at="2025-08-23T18:48:35 IST" name="attachScreenshot" finished-at="2025-08-23T18:48:35 IST" duration-ms="1" status="PASS">
          <params>
            <param index="0">
              <value>
                <![CDATA[[TestResult name=loginPageUrlTest status=SUCCESS method=LoginPageTest.loginPageUrlTest()[pri:0, instance:com.qa.opencart.test.LoginPageTest@55f4887d] output={null}]]]>
              </value>
            </param>
          </params>
          <reporter-output>
          </reporter-output>
        </test-method> <!-- attachScreenshot -->
        <test-method signature="logoTest()[pri:0, instance:com.qa.opencart.test.LoginPageTest@55f4887d]" started-at="2025-08-23T18:48:35 IST" name="logoTest" finished-at="2025-08-23T18:48:35 IST" duration-ms="35" status="PASS">
          <reporter-output>
          </reporter-output>
        </test-method> <!-- logoTest -->
        <test-method is-config="true" signature="attachScreenshot(org.testng.ITestResult)[pri:0, instance:com.qa.opencart.test.LoginPageTest@55f4887d]" started-at="2025-08-23T18:48:35 IST" name="attachScreenshot" finished-at="2025-08-23T18:48:35 IST" duration-ms="0" status="PASS">
          <params>
            <param index="0">
              <value>
                <![CDATA[[TestResult name=logoTest status=SUCCESS method=LoginPageTest.logoTest()[pri:0, instance:com.qa.opencart.test.LoginPageTest@55f4887d] output={null}]]]>
              </value>
            </param>
          </params>
          <reporter-output>
          </reporter-output>
        </test-method> <!-- attachScreenshot -->
        <test-method signature="loginTest()[pri:2147483647, instance:com.qa.opencart.test.LoginPageTest@55f4887d]" started-at="2025-08-23T18:48:35 IST" name="loginTest" finished-at="2025-08-23T18:48:37 IST" duration-ms="1914" status="PASS">
          <reporter-output>
          </reporter-output>
        </test-method> <!-- loginTest -->
        <test-method is-config="true" signature="attachScreenshot(org.testng.ITestResult)[pri:0, instance:com.qa.opencart.test.LoginPageTest@55f4887d]" started-at="2025-08-23T18:48:37 IST" name="attachScreenshot" finished-at="2025-08-23T18:48:37 IST" duration-ms="1" status="PASS">
          <params>
            <param index="0">
              <value>
                <![CDATA[[TestResult name=loginTest status=SUCCESS method=LoginPageTest.loginTest()[pri:2147483647, instance:com.qa.opencart.test.LoginPageTest@55f4887d] output={null}]]]>
              </value>
            </param>
          </params>
          <reporter-output>
          </reporter-output>
        </test-method> <!-- attachScreenshot -->
        <test-method is-config="true" signature="tearDown()[pri:0, instance:com.qa.opencart.test.LoginPageTest@55f4887d]" started-at="2025-08-23T18:48:37 IST" name="tearDown" finished-at="2025-08-23T18:48:37 IST" duration-ms="228" status="PASS">
          <reporter-output>
          </reporter-output>
        </test-method> <!-- tearDown -->
      </class> <!-- com.qa.opencart.test.LoginPageTest -->
    </test> <!-- Login Page Test -->
    <test started-at="2025-08-23T18:48:26 IST" name="Home Page Test" finished-at="2025-08-23T18:48:55 IST" duration-ms="29237">
      <class name="com.qa.opencart.test.HomePageTest">
        <test-method is-config="true" signature="setup()[pri:0, instance:com.qa.opencart.test.HomePageTest@1e84f3c8]" started-at="2025-08-23T18:48:26 IST" name="setup" finished-at="2025-08-23T18:48:33 IST" duration-ms="7458" status="PASS">
          <reporter-output>
          </reporter-output>
        </test-method> <!-- setup -->
        <test-method is-config="true" signature="homePageSetup()[pri:0, instance:com.qa.opencart.test.HomePageTest@1e84f3c8]" started-at="2025-08-23T18:48:33 IST" name="homePageSetup" finished-at="2025-08-23T18:48:35 IST" duration-ms="2085" status="PASS">
          <reporter-output>
          </reporter-output>
        </test-method> <!-- homePageSetup -->
        <test-method signature="headerTest()[pri:0, instance:com.qa.opencart.test.HomePageTest@1e84f3c8]" started-at="2025-08-23T18:48:35 IST" name="headerTest" finished-at="2025-08-23T18:48:36 IST" duration-ms="169" status="PASS">
          <reporter-output>
          </reporter-output>
        </test-method> <!-- headerTest -->
        <test-method is-config="true" signature="attachScreenshot(org.testng.ITestResult)[pri:0, instance:com.qa.opencart.test.HomePageTest@1e84f3c8]" started-at="2025-08-23T18:48:36 IST" name="attachScreenshot" finished-at="2025-08-23T18:48:36 IST" duration-ms="1" status="PASS">
          <params>
            <param index="0">
              <value>
                <![CDATA[[TestResult name=headerTest status=SUCCESS method=HomePageTest.headerTest()[pri:0, instance:com.qa.opencart.test.HomePageTest@1e84f3c8] output={null}]]]>
              </value>
            </param>
          </params>
          <reporter-output>
          </reporter-output>
        </test-method> <!-- attachScreenshot -->
        <test-method signature="homePageTitileTest()[pri:0, instance:com.qa.opencart.test.HomePageTest@1e84f3c8]" started-at="2025-08-23T18:48:36 IST" name="homePageTitileTest" finished-at="2025-08-23T18:48:36 IST" duration-ms="28" status="PASS">
          <reporter-output>
          </reporter-output>
        </test-method> <!-- homePageTitileTest -->
        <test-method is-config="true" signature="attachScreenshot(org.testng.ITestResult)[pri:0, instance:com.qa.opencart.test.HomePageTest@1e84f3c8]" started-at="2025-08-23T18:48:36 IST" name="attachScreenshot" finished-at="2025-08-23T18:48:36 IST" duration-ms="1" status="PASS">
          <params>
            <param index="0">
              <value>
                <![CDATA[[TestResult name=homePageTitileTest status=SUCCESS method=HomePageTest.homePageTitileTest()[pri:0, instance:com.qa.opencart.test.HomePageTest@1e84f3c8] output={null}]]]>
              </value>
            </param>
          </params>
          <reporter-output>
          </reporter-output>
        </test-method> <!-- attachScreenshot -->
        <test-method signature="homePageUrlTest()[pri:0, instance:com.qa.opencart.test.HomePageTest@1e84f3c8]" started-at="2025-08-23T18:48:36 IST" name="homePageUrlTest" finished-at="2025-08-23T18:48:36 IST" duration-ms="26" status="PASS">
          <reporter-output>
          </reporter-output>
        </test-method> <!-- homePageUrlTest -->
        <test-method is-config="true" signature="attachScreenshot(org.testng.ITestResult)[pri:0, instance:com.qa.opencart.test.HomePageTest@1e84f3c8]" started-at="2025-08-23T18:48:36 IST" name="attachScreenshot" finished-at="2025-08-23T18:48:36 IST" duration-ms="1" status="PASS">
          <params>
            <param index="0">
              <value>
                <![CDATA[[TestResult name=homePageUrlTest status=SUCCESS method=HomePageTest.homePageUrlTest()[pri:0, instance:com.qa.opencart.test.HomePageTest@1e84f3c8] output={null}]]]>
              </value>
            </param>
          </params>
          <reporter-output>
          </reporter-output>
        </test-method> <!-- attachScreenshot -->
        <test-method signature="logoutLinkExitsTest()[pri:0, instance:com.qa.opencart.test.HomePageTest@1e84f3c8]" started-at="2025-08-23T18:48:36 IST" name="logoutLinkExitsTest" finished-at="2025-08-23T18:48:36 IST" duration-ms="54" status="PASS">
          <reporter-output>
          </reporter-output>
        </test-method> <!-- logoutLinkExitsTest -->
        <test-method is-config="true" signature="attachScreenshot(org.testng.ITestResult)[pri:0, instance:com.qa.opencart.test.HomePageTest@1e84f3c8]" started-at="2025-08-23T18:48:36 IST" name="attachScreenshot" finished-at="2025-08-23T18:48:36 IST" duration-ms="1" status="PASS">
          <params>
            <param index="0">
              <value>
                <![CDATA[[TestResult name=logoutLinkExitsTest status=SUCCESS method=HomePageTest.logoutLinkExitsTest()[pri:0, instance:com.qa.opencart.test.HomePageTest@1e84f3c8] output={null}]]]>
              </value>
            </param>
          </params>
          <reporter-output>
          </reporter-output>
        </test-method> <!-- attachScreenshot -->
        <test-method signature="searchTest(java.lang.String,int)[pri:0, instance:com.qa.opencart.test.HomePageTest@1e84f3c8]" started-at="2025-08-23T18:48:36 IST" name="searchTest" data-provider="getSearchData" finished-at="2025-08-23T18:48:37 IST" duration-ms="1465" status="FAIL">
          <params>
            <param index="0">
              <value>
                <![CDATA[macbook]]>
              </value>
            </param>
            <param index="1">
              <value>
                <![CDATA[4]]>
              </value>
            </param>
          </params>
          <exception class="java.lang.AssertionError">
            <message>
              <![CDATA[expected [4] but found [3]]]>
            </message>
            <full-stacktrace>
              <![CDATA[java.lang.AssertionError: expected [4] but found [3]
at org.testng.Assert.fail(Assert.java:111)
at org.testng.Assert.failNotEquals(Assert.java:1578)
at org.testng.Assert.assertEqualsImpl(Assert.java:150)
at org.testng.Assert.assertEquals(Assert.java:132)
at org.testng.Assert.assertEquals(Assert.java:1419)
at org.testng.Assert.assertEquals(Assert.java:1383)
at org.testng.Assert.assertEquals(Assert.java:1429)
at com.qa.opencart.test.HomePageTest.searchTest(HomePageTest.java:56)
at java.base/jdk.internal.reflect.DirectMethodHandleAccessor.invoke(DirectMethodHandleAccessor.java:103)
at java.base/java.lang.reflect.Method.invoke(Method.java:580)
at org.testng.internal.invokers.MethodInvocationHelper.invokeMethod(MethodInvocationHelper.java:139)
at org.testng.internal.invokers.TestInvoker.invokeMethod(TestInvoker.java:664)
at org.testng.internal.invokers.TestInvoker.invokeTestMethod(TestInvoker.java:227)
at org.testng.internal.invokers.MethodRunner.runInSequence(MethodRunner.java:50)
at org.testng.internal.invokers.TestInvoker$MethodInvocationAgent.invoke(TestInvoker.java:957)
at org.testng.internal.invokers.TestInvoker.invokeTestMethods(TestInvoker.java:200)
at org.testng.internal.invokers.TestMethodWorker.invokeTestMethods(TestMethodWorker.java:148)
at org.testng.internal.invokers.TestMethodWorker.run(TestMethodWorker.java:128)
at java.base/java.util.ArrayList.forEach(ArrayList.java:1596)
at org.testng.TestRunner.privateRun(TestRunner.java:848)
at org.testng.TestRunner.run(TestRunner.java:621)
at org.testng.SuiteRunner.runTest(SuiteRunner.java:443)
at org.testng.SuiteRunner$SuiteWorker.run(SuiteRunner.java:481)
at org.testng.internal.thread.ThreadUtil.lambda$execute$0(ThreadUtil.java:58)
at java.base/java.util.concurrent.FutureTask.run(FutureTask.java:317)
at java.base/java.util.concurrent.ThreadPoolExecutor.runWorker(ThreadPoolExecutor.java:1144)
at java.base/java.util.concurrent.ThreadPoolExecutor$Worker.run(ThreadPoolExecutor.java:642)
at java.base/java.lang.Thread.run(Thread.java:1583)
]]>
            </full-stacktrace>
          </exception> <!-- java.lang.AssertionError -->
          <reporter-output>
          </reporter-output>
        </test-method> <!-- searchTest -->
        <test-method is-config="true" signature="attachScreenshot(org.testng.ITestResult)[pri:0, instance:com.qa.opencart.test.HomePageTest@1e84f3c8]" started-at="2025-08-23T18:48:38 IST" name="attachScreenshot" finished-at="2025-08-23T18:48:38 IST" duration-ms="226" status="PASS">
          <params>
            <param index="0">
              <value>
                <![CDATA[[TestResult name=searchTest status=FAILURE method=HomePageTest.searchTest(java.lang.String,int)[pri:0, instance:com.qa.opencart.test.HomePageTest@1e84f3c8] output={null}]]]>
              </value>
            </param>
          </params>
          <reporter-output>
          </reporter-output>
        </test-method> <!-- attachScreenshot -->
        <test-method signature="searchTest(java.lang.String,int)[pri:0, instance:com.qa.opencart.test.HomePageTest@1e84f3c8]" started-at="2025-08-23T18:48:38 IST" name="searchTest" data-provider="getSearchData" finished-at="2025-08-23T18:48:39 IST" duration-ms="1160" status="PASS">
          <params>
            <param index="0">
              <value>
                <![CDATA[imac]]>
              </value>
            </param>
            <param index="1">
              <value>
                <![CDATA[1]]>
              </value>
            </param>
          </params>
          <reporter-output>
          </reporter-output>
        </test-method> <!-- searchTest -->
        <test-method is-config="true" signature="attachScreenshot(org.testng.ITestResult)[pri:0, instance:com.qa.opencart.test.HomePageTest@1e84f3c8]" started-at="2025-08-23T18:48:39 IST" name="attachScreenshot" finished-at="2025-08-23T18:48:39 IST" duration-ms="1" status="PASS">
          <params>
            <param index="0">
              <value>
                <![CDATA[[TestResult name=searchTest status=SUCCESS method=HomePageTest.searchTest(java.lang.String,int)[pri:0, instance:com.qa.opencart.test.HomePageTest@1e84f3c8] output={null}]]]>
              </value>
            </param>
          </params>
          <reporter-output>
          </reporter-output>
        </test-method> <!-- attachScreenshot -->
        <test-method signature="searchTest(java.lang.String,int)[pri:0, instance:com.qa.opencart.test.HomePageTest@1e84f3c8]" started-at="2025-08-23T18:48:39 IST" name="searchTest" data-provider="getSearchData" finished-at="2025-08-23T18:48:40 IST" duration-ms="1236" status="PASS">
          <params>
            <param index="0">
              <value>
                <![CDATA[samsung]]>
              </value>
            </param>
            <param index="1">
              <value>
                <![CDATA[2]]>
              </value>
            </param>
          </params>
          <reporter-output>
          </reporter-output>
        </test-method> <!-- searchTest -->
        <test-method is-config="true" signature="attachScreenshot(org.testng.ITestResult)[pri:0, instance:com.qa.opencart.test.HomePageTest@1e84f3c8]" started-at="2025-08-23T18:48:40 IST" name="attachScreenshot" finished-at="2025-08-23T18:48:40 IST" duration-ms="1" status="PASS">
          <params>
            <param index="0">
              <value>
                <![CDATA[[TestResult name=searchTest status=SUCCESS method=HomePageTest.searchTest(java.lang.String,int)[pri:0, instance:com.qa.opencart.test.HomePageTest@1e84f3c8] output={null}]]]>
              </value>
            </param>
          </params>
          <reporter-output>
          </reporter-output>
        </test-method> <!-- attachScreenshot -->
        <test-method signature="searchTest(java.lang.String,int)[pri:0, instance:com.qa.opencart.test.HomePageTest@1e84f3c8]" started-at="2025-08-23T18:48:40 IST" name="searchTest" data-provider="getSearchData" finished-at="2025-08-23T18:48:42 IST" duration-ms="1399" status="PASS">
          <params>
            <param index="0">
              <value>
                <![CDATA[canon]]>
              </value>
            </param>
            <param index="1">
              <value>
                <![CDATA[1]]>
              </value>
            </param>
          </params>
          <reporter-output>
          </reporter-output>
        </test-method> <!-- searchTest -->
        <test-method is-config="true" signature="attachScreenshot(org.testng.ITestResult)[pri:0, instance:com.qa.opencart.test.HomePageTest@1e84f3c8]" started-at="2025-08-23T18:48:42 IST" name="attachScreenshot" finished-at="2025-08-23T18:48:42 IST" duration-ms="1" status="PASS">
          <params>
            <param index="0">
              <value>
                <![CDATA[[TestResult name=searchTest status=SUCCESS method=HomePageTest.searchTest(java.lang.String,int)[pri:0, instance:com.qa.opencart.test.HomePageTest@1e84f3c8] output={null}]]]>
              </value>
            </param>
          </params>
          <reporter-output>
          </reporter-output>
        </test-method> <!-- attachScreenshot -->
        <test-method signature="searchTest(java.lang.String,int)[pri:0, instance:com.qa.opencart.test.HomePageTest@1e84f3c8]" started-at="2025-08-23T18:48:42 IST" name="searchTest" data-provider="getSearchData" finished-at="2025-08-23T18:48:53 IST" duration-ms="11294" status="PASS">
          <params>
            <param index="0">
              <value>
                <![CDATA[nokia]]>
              </value>
            </param>
            <param index="1">
              <value>
                <![CDATA[0]]>
              </value>
            </param>
          </params>
          <reporter-output>
          </reporter-output>
        </test-method> <!-- searchTest -->
        <test-method is-config="true" signature="attachScreenshot(org.testng.ITestResult)[pri:0, instance:com.qa.opencart.test.HomePageTest@1e84f3c8]" started-at="2025-08-23T18:48:53 IST" name="attachScreenshot" finished-at="2025-08-23T18:48:53 IST" duration-ms="0" status="PASS">
          <params>
            <param index="0">
              <value>
                <![CDATA[[TestResult name=searchTest status=SUCCESS method=HomePageTest.searchTest(java.lang.String,int)[pri:0, instance:com.qa.opencart.test.HomePageTest@1e84f3c8] output={null}]]]>
              </value>
            </param>
          </params>
          <reporter-output>
          </reporter-output>
        </test-method> <!-- attachScreenshot -->
        <test-method signature="searchTest(java.lang.String,int)[pri:0, instance:com.qa.opencart.test.HomePageTest@1e84f3c8]" started-at="2025-08-23T18:48:53 IST" name="searchTest" data-provider="getSearchData" finished-at="2025-08-23T18:48:55 IST" duration-ms="1911" status="PASS">
          <params>
            <param index="0">
              <value>
                <![CDATA[apple]]>
              </value>
            </param>
            <param index="1">
              <value>
                <![CDATA[1]]>
              </value>
            </param>
          </params>
          <reporter-output>
          </reporter-output>
        </test-method> <!-- searchTest -->
        <test-method is-config="true" signature="attachScreenshot(org.testng.ITestResult)[pri:0, instance:com.qa.opencart.test.HomePageTest@1e84f3c8]" started-at="2025-08-23T18:48:55 IST" name="attachScreenshot" finished-at="2025-08-23T18:48:55 IST" duration-ms="1" status="PASS">
          <params>
            <param index="0">
              <value>
                <![CDATA[[TestResult name=searchTest status=SUCCESS method=HomePageTest.searchTest(java.lang.String,int)[pri:0, instance:com.qa.opencart.test.HomePageTest@1e84f3c8] output={null}]]]>
              </value>
            </param>
          </params>
          <reporter-output>
          </reporter-output>
        </test-method> <!-- attachScreenshot -->
        <test-method is-config="true" signature="tearDown()[pri:0, instance:com.qa.opencart.test.HomePageTest@1e84f3c8]" started-at="2025-08-23T18:48:55 IST" name="tearDown" finished-at="2025-08-23T18:48:55 IST" duration-ms="265" status="PASS">
          <reporter-output>
          </reporter-output>
        </test-method> <!-- tearDown -->
      </class> <!-- com.qa.opencart.test.HomePageTest -->
    </test> <!-- Home Page Test -->
    <test started-at="2025-08-23T18:48:26 IST" name="Product Info Page Test" finished-at="2025-08-23T18:48:59 IST" duration-ms="33631">
      <class name="com.qa.opencart.test.ProductInfoPageTest">
        <test-method is-config="true" signature="setup()[pri:0, instance:com.qa.opencart.test.ProductInfoPageTest@75fd65c]" started-at="2025-08-23T18:48:26 IST" name="setup" finished-at="2025-08-23T18:48:33 IST" duration-ms="7147" status="PASS">
          <reporter-output>
          </reporter-output>
        </test-method> <!-- setup -->
        <test-method is-config="true" signature="homePageSetup()[pri:0, instance:com.qa.opencart.test.ProductInfoPageTest@75fd65c]" started-at="2025-08-23T18:48:33 IST" name="homePageSetup" finished-at="2025-08-23T18:48:35 IST" duration-ms="2039" status="PASS">
          <reporter-output>
          </reporter-output>
        </test-method> <!-- homePageSetup -->
        <test-method signature="productHeaderImageTest(java.lang.String,java.lang.String,java.lang.String)[pri:0, instance:com.qa.opencart.test.ProductInfoPageTest@75fd65c]" started-at="2025-08-23T18:48:36 IST" name="productHeaderImageTest" data-provider="getProductImageSheetData" finished-at="2025-08-23T18:48:40 IST" duration-ms="3098" status="PASS">
          <params>
            <param index="0">
              <value>
                <![CDATA[macbook]]>
              </value>
            </param>
            <param index="1">
              <value>
                <![CDATA[MacBook Pro]]>
              </value>
            </param>
            <param index="2">
              <value>
                <![CDATA[4]]>
              </value>
            </param>
          </params>
          <reporter-output>
          </reporter-output>
        </test-method> <!-- productHeaderImageTest -->
        <test-method is-config="true" signature="attachScreenshot(org.testng.ITestResult)[pri:0, instance:com.qa.opencart.test.ProductInfoPageTest@75fd65c]" started-at="2025-08-23T18:48:40 IST" name="attachScreenshot" finished-at="2025-08-23T18:48:40 IST" duration-ms="1" status="PASS">
          <params>
            <param index="0">
              <value>
                <![CDATA[[TestResult name=productHeaderImageTest status=SUCCESS method=ProductInfoPageTest.productHeaderImageTest(java.lang.String,java.lang.String,java.lang.String)[pri:0, instance:com.qa.opencart.test.ProductInfoPageTest@75fd65c] output={null}]]]>
              </value>
            </param>
          </params>
          <reporter-output>
          </reporter-output>
        </test-method> <!-- attachScreenshot -->
        <test-method signature="productHeaderImageTest(java.lang.String,java.lang.String,java.lang.String)[pri:0, instance:com.qa.opencart.test.ProductInfoPageTest@75fd65c]" started-at="2025-08-23T18:48:40 IST" name="productHeaderImageTest" data-provider="getProductImageSheetData" finished-at="2025-08-23T18:48:43 IST" duration-ms="3847" status="PASS">
          <params>
            <param index="0">
              <value>
                <![CDATA[macbook]]>
              </value>
            </param>
            <param index="1">
              <value>
                <![CDATA[MacBook Air]]>
              </value>
            </param>
            <param index="2">
              <value>
                <![CDATA[4]]>
              </value>
            </param>
          </params>
          <reporter-output>
          </reporter-output>
        </test-method> <!-- productHeaderImageTest -->
        <test-method is-config="true" signature="attachScreenshot(org.testng.ITestResult)[pri:0, instance:com.qa.opencart.test.ProductInfoPageTest@75fd65c]" started-at="2025-08-23T18:48:43 IST" name="attachScreenshot" finished-at="2025-08-23T18:48:43 IST" duration-ms="1" status="PASS">
          <params>
            <param index="0">
              <value>
                <![CDATA[[TestResult name=productHeaderImageTest status=SUCCESS method=ProductInfoPageTest.productHeaderImageTest(java.lang.String,java.lang.String,java.lang.String)[pri:0, instance:com.qa.opencart.test.ProductInfoPageTest@75fd65c] output={null}]]]>
              </value>
            </param>
          </params>
          <reporter-output>
          </reporter-output>
        </test-method> <!-- attachScreenshot -->
        <test-method signature="productHeaderImageTest(java.lang.String,java.lang.String,java.lang.String)[pri:0, instance:com.qa.opencart.test.ProductInfoPageTest@75fd65c]" started-at="2025-08-23T18:48:43 IST" name="productHeaderImageTest" data-provider="getProductImageSheetData" finished-at="2025-08-23T18:48:46 IST" duration-ms="2485" status="PASS">
          <params>
            <param index="0">
              <value>
                <![CDATA[imac]]>
              </value>
            </param>
            <param index="1">
              <value>
                <![CDATA[iMac]]>
              </value>
            </param>
            <param index="2">
              <value>
                <![CDATA[3]]>
              </value>
            </param>
          </params>
          <reporter-output>
          </reporter-output>
        </test-method> <!-- productHeaderImageTest -->
        <test-method is-config="true" signature="attachScreenshot(org.testng.ITestResult)[pri:0, instance:com.qa.opencart.test.ProductInfoPageTest@75fd65c]" started-at="2025-08-23T18:48:46 IST" name="attachScreenshot" finished-at="2025-08-23T18:48:46 IST" duration-ms="0" status="PASS">
          <params>
            <param index="0">
              <value>
                <![CDATA[[TestResult name=productHeaderImageTest status=SUCCESS method=ProductInfoPageTest.productHeaderImageTest(java.lang.String,java.lang.String,java.lang.String)[pri:0, instance:com.qa.opencart.test.ProductInfoPageTest@75fd65c] output={null}]]]>
              </value>
            </param>
          </params>
          <reporter-output>
          </reporter-output>
        </test-method> <!-- attachScreenshot -->
        <test-method signature="productHeaderImageTest(java.lang.String,java.lang.String,java.lang.String)[pri:0, instance:com.qa.opencart.test.ProductInfoPageTest@75fd65c]" started-at="2025-08-23T18:48:46 IST" name="productHeaderImageTest" data-provider="getProductImageSheetData" finished-at="2025-08-23T18:48:48 IST" duration-ms="1995" status="PASS">
          <params>
            <param index="0">
              <value>
                <![CDATA[samsung]]>
              </value>
            </param>
            <param index="1">
              <value>
                <![CDATA[Samsung SyncMaster 941BW]]>
              </value>
            </param>
            <param index="2">
              <value>
                <![CDATA[1]]>
              </value>
            </param>
          </params>
          <reporter-output>
          </reporter-output>
        </test-method> <!-- productHeaderImageTest -->
        <test-method is-config="true" signature="attachScreenshot(org.testng.ITestResult)[pri:0, instance:com.qa.opencart.test.ProductInfoPageTest@75fd65c]" started-at="2025-08-23T18:48:48 IST" name="attachScreenshot" finished-at="2025-08-23T18:48:48 IST" duration-ms="1" status="PASS">
          <params>
            <param index="0">
              <value>
                <![CDATA[[TestResult name=productHeaderImageTest status=SUCCESS method=ProductInfoPageTest.productHeaderImageTest(java.lang.String,java.lang.String,java.lang.String)[pri:0, instance:com.qa.opencart.test.ProductInfoPageTest@75fd65c] output={null}]]]>
              </value>
            </param>
          </params>
          <reporter-output>
          </reporter-output>
        </test-method> <!-- attachScreenshot -->
        <test-method signature="productHeaderImageTest(java.lang.String,java.lang.String,java.lang.String)[pri:0, instance:com.qa.opencart.test.ProductInfoPageTest@75fd65c]" started-at="2025-08-23T18:48:48 IST" name="productHeaderImageTest" data-provider="getProductImageSheetData" finished-at="2025-08-23T18:48:50 IST" duration-ms="2236" status="PASS">
          <params>
            <param index="0">
              <value>
                <![CDATA[samsung]]>
              </value>
            </param>
            <param index="1">
              <value>
                <![CDATA[Samsung Galaxy Tab 10.1]]>
              </value>
            </param>
            <param index="2">
              <value>
                <![CDATA[7]]>
              </value>
            </param>
          </params>
          <reporter-output>
          </reporter-output>
        </test-method> <!-- productHeaderImageTest -->
        <test-method is-config="true" signature="attachScreenshot(org.testng.ITestResult)[pri:0, instance:com.qa.opencart.test.ProductInfoPageTest@75fd65c]" started-at="2025-08-23T18:48:50 IST" name="attachScreenshot" finished-at="2025-08-23T18:48:50 IST" duration-ms="0" status="PASS">
          <params>
            <param index="0">
              <value>
                <![CDATA[[TestResult name=productHeaderImageTest status=SUCCESS method=ProductInfoPageTest.productHeaderImageTest(java.lang.String,java.lang.String,java.lang.String)[pri:0, instance:com.qa.opencart.test.ProductInfoPageTest@75fd65c] output={null}]]]>
              </value>
            </param>
          </params>
          <reporter-output>
          </reporter-output>
        </test-method> <!-- attachScreenshot -->
        <test-method signature="productHeaderTest(java.lang.String,java.lang.String)[pri:0, instance:com.qa.opencart.test.ProductInfoPageTest@75fd65c]" started-at="2025-08-23T18:48:50 IST" name="productHeaderTest" data-provider="getProductData" finished-at="2025-08-23T18:48:52 IST" duration-ms="1922" status="PASS">
          <params>
            <param index="0">
              <value>
                <![CDATA[Macbook]]>
              </value>
            </param>
            <param index="1">
              <value>
                <![CDATA[MacBook Pro]]>
              </value>
            </param>
          </params>
          <reporter-output>
          </reporter-output>
        </test-method> <!-- productHeaderTest -->
        <test-method is-config="true" signature="attachScreenshot(org.testng.ITestResult)[pri:0, instance:com.qa.opencart.test.ProductInfoPageTest@75fd65c]" started-at="2025-08-23T18:48:52 IST" name="attachScreenshot" finished-at="2025-08-23T18:48:52 IST" duration-ms="0" status="PASS">
          <params>
            <param index="0">
              <value>
                <![CDATA[[TestResult name=productHeaderTest status=SUCCESS method=ProductInfoPageTest.productHeaderTest(java.lang.String,java.lang.String)[pri:0, instance:com.qa.opencart.test.ProductInfoPageTest@75fd65c] output={null}]]]>
              </value>
            </param>
          </params>
          <reporter-output>
          </reporter-output>
        </test-method> <!-- attachScreenshot -->
        <test-method signature="productHeaderTest(java.lang.String,java.lang.String)[pri:0, instance:com.qa.opencart.test.ProductInfoPageTest@75fd65c]" started-at="2025-08-23T18:48:52 IST" name="productHeaderTest" data-provider="getProductData" finished-at="2025-08-23T18:48:54 IST" duration-ms="1610" status="PASS">
          <params>
            <param index="0">
              <value>
                <![CDATA[iMac]]>
              </value>
            </param>
            <param index="1">
              <value>
                <![CDATA[iMac]]>
              </value>
            </param>
          </params>
          <reporter-output>
          </reporter-output>
        </test-method> <!-- productHeaderTest -->
        <test-method is-config="true" signature="attachScreenshot(org.testng.ITestResult)[pri:0, instance:com.qa.opencart.test.ProductInfoPageTest@75fd65c]" started-at="2025-08-23T18:48:54 IST" name="attachScreenshot" finished-at="2025-08-23T18:48:54 IST" duration-ms="1" status="PASS">
          <params>
            <param index="0">
              <value>
                <![CDATA[[TestResult name=productHeaderTest status=SUCCESS method=ProductInfoPageTest.productHeaderTest(java.lang.String,java.lang.String)[pri:0, instance:com.qa.opencart.test.ProductInfoPageTest@75fd65c] output={null}]]]>
              </value>
            </param>
          </params>
          <reporter-output>
          </reporter-output>
        </test-method> <!-- attachScreenshot -->
        <test-method signature="productHeaderTest(java.lang.String,java.lang.String)[pri:0, instance:com.qa.opencart.test.ProductInfoPageTest@75fd65c]" started-at="2025-08-23T18:48:54 IST" name="productHeaderTest" data-provider="getProductData" finished-at="2025-08-23T18:48:56 IST" duration-ms="1932" status="PASS">
          <params>
            <param index="0">
              <value>
                <![CDATA[Samsung]]>
              </value>
            </param>
            <param index="1">
              <value>
                <![CDATA[Samsung SyncMaster 941BW]]>
              </value>
            </param>
          </params>
          <reporter-output>
          </reporter-output>
        </test-method> <!-- productHeaderTest -->
        <test-method is-config="true" signature="attachScreenshot(org.testng.ITestResult)[pri:0, instance:com.qa.opencart.test.ProductInfoPageTest@75fd65c]" started-at="2025-08-23T18:48:56 IST" name="attachScreenshot" finished-at="2025-08-23T18:48:56 IST" duration-ms="1" status="PASS">
          <params>
            <param index="0">
              <value>
                <![CDATA[[TestResult name=productHeaderTest status=SUCCESS method=ProductInfoPageTest.productHeaderTest(java.lang.String,java.lang.String)[pri:0, instance:com.qa.opencart.test.ProductInfoPageTest@75fd65c] output={null}]]]>
              </value>
            </param>
          </params>
          <reporter-output>
          </reporter-output>
        </test-method> <!-- attachScreenshot -->
        <test-method signature="productHeaderTest(java.lang.String,java.lang.String)[pri:0, instance:com.qa.opencart.test.ProductInfoPageTest@75fd65c]" started-at="2025-08-23T18:48:56 IST" name="productHeaderTest" data-provider="getProductData" finished-at="2025-08-23T18:48:57 IST" duration-ms="1750" status="PASS">
          <params>
            <param index="0">
              <value>
                <![CDATA[Samsung]]>
              </value>
            </param>
            <param index="1">
              <value>
                <![CDATA[Samsung Galaxy Tab 10.1]]>
              </value>
            </param>
          </params>
          <reporter-output>
          </reporter-output>
        </test-method> <!-- productHeaderTest -->
        <test-method is-config="true" signature="attachScreenshot(org.testng.ITestResult)[pri:0, instance:com.qa.opencart.test.ProductInfoPageTest@75fd65c]" started-at="2025-08-23T18:48:57 IST" name="attachScreenshot" finished-at="2025-08-23T18:48:57 IST" duration-ms="1" status="PASS">
          <params>
            <param index="0">
              <value>
                <![CDATA[[TestResult name=productHeaderTest status=SUCCESS method=ProductInfoPageTest.productHeaderTest(java.lang.String,java.lang.String)[pri:0, instance:com.qa.opencart.test.ProductInfoPageTest@75fd65c] output={null}]]]>
              </value>
            </param>
          </params>
          <reporter-output>
          </reporter-output>
        </test-method> <!-- attachScreenshot -->
        <test-method signature="productInfoTest()[pri:0, instance:com.qa.opencart.test.ProductInfoPageTest@75fd65c]" started-at="2025-08-23T18:48:57 IST" name="productInfoTest" finished-at="2025-08-23T18:48:59 IST" duration-ms="1815" status="PASS">
          <reporter-output>
          </reporter-output>
        </test-method> <!-- productInfoTest -->
        <test-method is-config="true" signature="attachScreenshot(org.testng.ITestResult)[pri:0, instance:com.qa.opencart.test.ProductInfoPageTest@75fd65c]" started-at="2025-08-23T18:48:59 IST" name="attachScreenshot" finished-at="2025-08-23T18:48:59 IST" duration-ms="2" status="PASS">
          <params>
            <param index="0">
              <value>
                <![CDATA[[TestResult name=productInfoTest status=SUCCESS method=ProductInfoPageTest.productInfoTest()[pri:0, instance:com.qa.opencart.test.ProductInfoPageTest@75fd65c] output={null}]]]>
              </value>
            </param>
          </params>
          <reporter-output>
          </reporter-output>
        </test-method> <!-- attachScreenshot -->
        <test-method is-config="true" signature="tearDown()[pri:0, instance:com.qa.opencart.test.ProductInfoPageTest@75fd65c]" started-at="2025-08-23T18:48:59 IST" name="tearDown" finished-at="2025-08-23T18:48:59 IST" duration-ms="262" status="PASS">
          <reporter-output>
          </reporter-output>
        </test-method> <!-- tearDown -->
      </class> <!-- com.qa.opencart.test.ProductInfoPageTest -->
    </test> <!-- Product Info Page Test -->
  </suite> <!-- Opencart App Test Regression Suite -->
</testng-results>
