<?xml version="1.0" encoding="UTF-8"?>
<testng-results ignored="0" total="1" passed="1" failed="0" skipped="0">
  <reporter-output>
  </reporter-output>
  <suite started-at="2025-07-22T22:41:35 IST" name="Default suite" finished-at="2025-07-22T22:41:48 IST" duration-ms="13337">
    <groups>
    </groups>
    <test started-at="2025-07-22T22:41:35 IST" name="Default test" finished-at="2025-07-22T22:41:48 IST" duration-ms="13337">
      <class name="com.qa.opencart.test.ProductInfoPageTest">
        <test-method is-config="true" signature="setup()[pri:0, instance:com.qa.opencart.test.ProductInfoPageTest@3c19aaa5]" started-at="2025-07-22T22:41:35 IST" name="setup" finished-at="2025-07-22T22:41:45 IST" duration-ms="9989" status="PASS">
          <reporter-output>
          </reporter-output>
        </test-method> <!-- setup -->
        <test-method is-config="true" signature="homePageSetup()[pri:0, instance:com.qa.opencart.test.ProductInfoPageTest@3c19aaa5]" started-at="2025-07-22T22:41:45 IST" name="homePageSetup" finished-at="2025-07-22T22:41:45 IST" duration-ms="361" status="PASS">
          <reporter-output>
          </reporter-output>
        </test-method> <!-- homePageSetup -->
        <test-method signature="productHeaderTest()[pri:0, instance:com.qa.opencart.test.ProductInfoPageTest@3c19aaa5]" started-at="2025-07-22T22:41:45 IST" name="productHeaderTest" finished-at="2025-07-22T22:41:48 IST" duration-ms="2723" status="PASS">
          <reporter-output>
          </reporter-output>
        </test-method> <!-- productHeaderTest -->
        <test-method is-config="true" signature="tearDown()[pri:0, instance:com.qa.opencart.test.ProductInfoPageTest@3c19aaa5]" started-at="2025-07-22T22:41:48 IST" name="tearDown" finished-at="2025-07-22T22:41:48 IST" duration-ms="218" status="PASS">
          <reporter-output>
          </reporter-output>
        </test-method> <!-- tearDown -->
      </class> <!-- com.qa.opencart.test.ProductInfoPageTest -->
    </test> <!-- Default test -->
  </suite> <!-- Default suite -->
</testng-results>
